<?xml version="1.0" encoding="UTF-8"?>
<testsuite xmlns:xsi="http://www.w3.org/2001/XMLSchema-instance" xsi:noNamespaceSchemaLocation="https://maven.apache.org/surefire/maven-surefire-plugin/xsd/surefire-test-report.xsd" name="com.example.prueba.controller.CalculadoraControllerTest" time="0.84" tests="1" errors="0" skipped="0" failures="0">
  <properties>
    <property name="sun.desktop" value="windows"/>
    <property name="awt.toolkit" value="sun.awt.windows.WToolkit"/>
    <property name="java.specification.version" value="11"/>
    <property name="sun.cpu.isalist" value="amd64"/>
    <property name="sun.jnu.encoding" value="Cp1252"/>
    <property name="java.class.path" value="C:\Users\CL93809\Documents\prueba-tecnica\target\test-classes;C:\Users\CL93809\Documents\prueba-tecnica\target\classes;C:\dev\Builders\Maven\.m2\repository\org\springframework\boot\spring-boot-starter-web\2.7.8\spring-boot-starter-web-2.7.8.jar;C:\dev\Builders\Maven\.m2\repository\org\springframework\boot\spring-boot-starter\2.7.8\spring-boot-starter-2.7.8.jar;C:\dev\Builders\Maven\.m2\repository\org\springframework\boot\spring-boot\2.7.8\spring-boot-2.7.8.jar;C:\dev\Builders\Maven\.m2\repository\org\springframework\boot\spring-boot-autoconfigure\2.7.8\spring-boot-autoconfigure-2.7.8.jar;C:\dev\Builders\Maven\.m2\repository\org\springframework\boot\spring-boot-starter-logging\2.7.8\spring-boot-starter-logging-2.7.8.jar;C:\dev\Builders\Maven\.m2\repository\ch\qos\logback\logback-classic\1.2.11\logback-classic-1.2.11.jar;C:\dev\Builders\Maven\.m2\repository\ch\qos\logback\logback-core\1.2.11\logback-core-1.2.11.jar;C:\dev\Builders\Maven\.m2\repository\org\apache\logging\log4j\log4j-to-slf4j\2.17.2\log4j-to-slf4j-2.17.2.jar;C:\dev\Builders\Maven\.m2\repository\org\apache\logging\log4j\log4j-api\2.17.2\log4j-api-2.17.2.jar;C:\dev\Builders\Maven\.m2\repository\org\slf4j\jul-to-slf4j\1.7.36\jul-to-slf4j-1.7.36.jar;C:\dev\Builders\Maven\.m2\repository\jakarta\annotation\jakarta.annotation-api\1.3.5\jakarta.annotation-api-1.3.5.jar;C:\dev\Builders\Maven\.m2\repository\org\yaml\snakeyaml\1.30\snakeyaml-1.30.jar;C:\dev\Builders\Maven\.m2\repository\org\springframework\boot\spring-boot-starter-json\2.7.8\spring-boot-starter-json-2.7.8.jar;C:\dev\Builders\Maven\.m2\repository\com\fasterxml\jackson\core\jackson-databind\2.13.4.2\jackson-databind-2.13.4.2.jar;C:\dev\Builders\Maven\.m2\repository\com\fasterxml\jackson\core\jackson-annotations\2.13.4\jackson-annotations-2.13.4.jar;C:\dev\Builders\Maven\.m2\repository\com\fasterxml\jackson\datatype\jackson-datatype-jdk8\2.13.4\jackson-datatype-jdk8-2.13.4.jar;C:\dev\Builders\Maven\.m2\repository\com\fasterxml\jackson\datatype\jackson-datatype-jsr310\2.13.4\jackson-datatype-jsr310-2.13.4.jar;C:\dev\Builders\Maven\.m2\repository\com\fasterxml\jackson\module\jackson-module-parameter-names\2.13.4\jackson-module-parameter-names-2.13.4.jar;C:\dev\Builders\Maven\.m2\repository\org\springframework\boot\spring-boot-starter-tomcat\2.7.8\spring-boot-starter-tomcat-2.7.8.jar;C:\dev\Builders\Maven\.m2\repository\org\apache\tomcat\embed\tomcat-embed-core\9.0.71\tomcat-embed-core-9.0.71.jar;C:\dev\Builders\Maven\.m2\repository\org\apache\tomcat\embed\tomcat-embed-el\9.0.71\tomcat-embed-el-9.0.71.jar;C:\dev\Builders\Maven\.m2\repository\org\apache\tomcat\embed\tomcat-embed-websocket\9.0.71\tomcat-embed-websocket-9.0.71.jar;C:\dev\Builders\Maven\.m2\repository\org\springframework\spring-web\5.3.25\spring-web-5.3.25.jar;C:\dev\Builders\Maven\.m2\repository\org\springframework\spring-beans\5.3.25\spring-beans-5.3.25.jar;C:\dev\Builders\Maven\.m2\repository\org\springframework\spring-webmvc\5.3.25\spring-webmvc-5.3.25.jar;C:\dev\Builders\Maven\.m2\repository\org\springframework\spring-aop\5.3.25\spring-aop-5.3.25.jar;C:\dev\Builders\Maven\.m2\repository\org\springframework\spring-context\5.3.25\spring-context-5.3.25.jar;C:\dev\Builders\Maven\.m2\repository\org\springframework\spring-expression\5.3.25\spring-expression-5.3.25.jar;C:\dev\Builders\Maven\.m2\repository\org\springframework\boot\spring-boot-starter-test\2.6.6\spring-boot-starter-test-2.6.6.jar;C:\dev\Builders\Maven\.m2\repository\org\springframework\boot\spring-boot-test\2.7.8\spring-boot-test-2.7.8.jar;C:\dev\Builders\Maven\.m2\repository\org\springframework\boot\spring-boot-test-autoconfigure\2.7.8\spring-boot-test-autoconfigure-2.7.8.jar;C:\dev\Builders\Maven\.m2\repository\com\jayway\jsonpath\json-path\2.7.0\json-path-2.7.0.jar;C:\dev\Builders\Maven\.m2\repository\net\minidev\json-smart\2.4.8\json-smart-2.4.8.jar;C:\dev\Builders\Maven\.m2\repository\net\minidev\accessors-smart\2.4.8\accessors-smart-2.4.8.jar;C:\dev\Builders\Maven\.m2\repository\org\ow2\asm\asm\9.1\asm-9.1.jar;C:\dev\Builders\Maven\.m2\repository\jakarta\xml\bind\jakarta.xml.bind-api\2.3.3\jakarta.xml.bind-api-2.3.3.jar;C:\dev\Builders\Maven\.m2\repository\jakarta\activation\jakarta.activation-api\1.2.2\jakarta.activation-api-1.2.2.jar;C:\dev\Builders\Maven\.m2\repository\org\assertj\assertj-core\3.22.0\assertj-core-3.22.0.jar;C:\dev\Builders\Maven\.m2\repository\org\hamcrest\hamcrest\2.2\hamcrest-2.2.jar;C:\dev\Builders\Maven\.m2\repository\org\junit\jupiter\junit-jupiter\5.8.2\junit-jupiter-5.8.2.jar;C:\dev\Builders\Maven\.m2\repository\org\junit\jupiter\junit-jupiter-api\5.8.2\junit-jupiter-api-5.8.2.jar;C:\dev\Builders\Maven\.m2\repository\org\opentest4j\opentest4j\1.2.0\opentest4j-1.2.0.jar;C:\dev\Builders\Maven\.m2\repository\org\junit\platform\junit-platform-commons\1.8.2\junit-platform-commons-1.8.2.jar;C:\dev\Builders\Maven\.m2\repository\org\junit\jupiter\junit-jupiter-params\5.8.2\junit-jupiter-params-5.8.2.jar;C:\dev\Builders\Maven\.m2\repository\org\mockito\mockito-core\4.5.1\mockito-core-4.5.1.jar;C:\dev\Builders\Maven\.m2\repository\net\bytebuddy\byte-buddy\1.12.22\byte-buddy-1.12.22.jar;C:\dev\Builders\Maven\.m2\repository\net\bytebuddy\byte-buddy-agent\1.12.22\byte-buddy-agent-1.12.22.jar;C:\dev\Builders\Maven\.m2\repository\org\objenesis\objenesis\3.2\objenesis-3.2.jar;C:\dev\Builders\Maven\.m2\repository\org\mockito\mockito-junit-jupiter\4.5.1\mockito-junit-jupiter-4.5.1.jar;C:\dev\Builders\Maven\.m2\repository\org\skyscreamer\jsonassert\1.5.1\jsonassert-1.5.1.jar;C:\dev\Builders\Maven\.m2\repository\com\vaadin\external\google\android-json\0.0.20131108.vaadin1\android-json-0.0.20131108.vaadin1.jar;C:\dev\Builders\Maven\.m2\repository\org\springframework\spring-core\5.3.25\spring-core-5.3.25.jar;C:\dev\Builders\Maven\.m2\repository\org\springframework\spring-jcl\5.3.25\spring-jcl-5.3.25.jar;C:\dev\Builders\Maven\.m2\repository\org\springframework\spring-test\5.3.25\spring-test-5.3.25.jar;C:\dev\Builders\Maven\.m2\repository\org\xmlunit\xmlunit-core\2.9.1\xmlunit-core-2.9.1.jar;C:\dev\Builders\Maven\.m2\repository\com\example\tracer\1.0.0\tracer-1.0.0.jar;C:\dev\Builders\Maven\.m2\repository\org\projectlombok\lombok\1.18.24\lombok-1.18.24.jar;C:\dev\Builders\Maven\.m2\repository\org\mock-server\mockserver-junit-jupiter\5.13.2\mockserver-junit-jupiter-5.13.2.jar;C:\dev\Builders\Maven\.m2\repository\org\mock-server\mockserver-netty\5.13.2\mockserver-netty-5.13.2.jar;C:\dev\Builders\Maven\.m2\repository\org\mock-server\mockserver-client-java\5.13.2\mockserver-client-java-5.13.2.jar;C:\dev\Builders\Maven\.m2\repository\org\apache\commons\commons-lang3\3.12.0\commons-lang3-3.12.0.jar;C:\dev\Builders\Maven\.m2\repository\org\mock-server\mockserver-core\5.13.2\mockserver-core-5.13.2.jar;C:\dev\Builders\Maven\.m2\repository\com\lmax\disruptor\3.4.4\disruptor-3.4.4.jar;C:\dev\Builders\Maven\.m2\repository\javax\servlet\javax.servlet-api\4.0.1\javax.servlet-api-4.0.1.jar;C:\dev\Builders\Maven\.m2\repository\io\netty\netty-codec-socks\4.1.87.Final\netty-codec-socks-4.1.87.Final.jar;C:\dev\Builders\Maven\.m2\repository\io\netty\netty-handler-proxy\4.1.87.Final\netty-handler-proxy-4.1.87.Final.jar;C:\dev\Builders\Maven\.m2\repository\com\jcraft\jzlib\1.1.3\jzlib-1.1.3.jar;C:\dev\Builders\Maven\.m2\repository\com\fasterxml\uuid\java-uuid-generator\4.0.1\java-uuid-generator-4.0.1.jar;C:\dev\Builders\Maven\.m2\repository\org\bouncycastle\bcprov-jdk15on\1.70\bcprov-jdk15on-1.70.jar;C:\dev\Builders\Maven\.m2\repository\org\bouncycastle\bcpkix-jdk15on\1.70\bcpkix-jdk15on-1.70.jar;C:\dev\Builders\Maven\.m2\repository\org\bouncycastle\bcutil-jdk15on\1.70\bcutil-jdk15on-1.70.jar;C:\dev\Builders\Maven\.m2\repository\com\nimbusds\nimbus-jose-jwt\9.21\nimbus-jose-jwt-9.21.jar;C:\dev\Builders\Maven\.m2\repository\com\github\stephenc\jcip\jcip-annotations\1.0-1\jcip-annotations-1.0-1.jar;C:\dev\Builders\Maven\.m2\repository\org\apache\velocity\velocity-engine-scripting\2.3\velocity-engine-scripting-2.3.jar;C:\dev\Builders\Maven\.m2\repository\org\apache\velocity\velocity-engine-core\2.3\velocity-engine-core-2.3.jar;C:\dev\Builders\Maven\.m2\repository\org\apache\velocity\tools\velocity-tools-generic\3.1\velocity-tools-generic-3.1.jar;C:\dev\Builders\Maven\.m2\repository\commons-beanutils\commons-beanutils\1.9.4\commons-beanutils-1.9.4.jar;C:\dev\Builders\Maven\.m2\repository\commons-logging\commons-logging\1.2\commons-logging-1.2.jar;C:\dev\Builders\Maven\.m2\repository\commons-collections\commons-collections\3.2.2\commons-collections-3.2.2.jar;C:\dev\Builders\Maven\.m2\repository\org\apache\commons\commons-digester3\3.2\commons-digester3-3.2.jar;C:\dev\Builders\Maven\.m2\repository\com\github\cliftonlabs\json-simple\3.0.2\json-simple-3.0.2.jar;C:\dev\Builders\Maven\.m2\repository\com\samskivert\jmustache\1.15\jmustache-1.15.jar;C:\dev\Builders\Maven\.m2\repository\net\javacrumbs\json-unit\json-unit-core\2.33.0\json-unit-core-2.33.0.jar;C:\dev\Builders\Maven\.m2\repository\org\hamcrest\hamcrest-core\2.2\hamcrest-core-2.2.jar;C:\dev\Builders\Maven\.m2\repository\com\networknt\json-schema-validator\1.0.68\json-schema-validator-1.0.68.jar;C:\dev\Builders\Maven\.m2\repository\com\ethlo\time\itu\1.5.1\itu-1.5.1.jar;C:\dev\Builders\Maven\.m2\repository\io\swagger\parser\v3\swagger-parser\2.0.32\swagger-parser-2.0.32.jar;C:\dev\Builders\Maven\.m2\repository\io\swagger\parser\v3\swagger-parser-v2-converter\2.0.32\swagger-parser-v2-converter-2.0.32.jar;C:\dev\Builders\Maven\.m2\repository\io\swagger\swagger-core\1.6.6\swagger-core-1.6.6.jar;C:\dev\Builders\Maven\.m2\repository\io\swagger\swagger-models\1.6.6\swagger-models-1.6.6.jar;C:\dev\Builders\Maven\.m2\repository\io\swagger\swagger-annotations\1.6.6\swagger-annotations-1.6.6.jar;C:\dev\Builders\Maven\.m2\repository\io\swagger\swagger-parser\1.0.59\swagger-parser-1.0.59.jar;C:\dev\Builders\Maven\.m2\repository\io\swagger\swagger-compat-spec-parser\1.0.59\swagger-compat-spec-parser-1.0.59.jar;C:\dev\Builders\Maven\.m2\repository\com\github\java-json-tools\json-schema-validator\2.2.14\json-schema-validator-2.2.14.jar;C:\dev\Builders\Maven\.m2\repository\com\github\java-json-tools\jackson-coreutils-equivalence\1.0\jackson-coreutils-equivalence-1.0.jar;C:\dev\Builders\Maven\.m2\repository\com\github\java-json-tools\json-schema-core\1.2.14\json-schema-core-1.2.14.jar;C:\dev\Builders\Maven\.m2\repository\com\github\java-json-tools\uri-template\0.10\uri-template-0.10.jar;C:\dev\Builders\Maven\.m2\repository\org\mozilla\rhino\1.7.7.2\rhino-1.7.7.2.jar;C:\dev\Builders\Maven\.m2\repository\com\sun\mail\mailapi\1.6.2\mailapi-1.6.2.jar;C:\dev\Builders\Maven\.m2\repository\joda-time\joda-time\2.10.5\joda-time-2.10.5.jar;C:\dev\Builders\Maven\.m2\repository\com\googlecode\libphonenumber\libphonenumber\8.11.1\libphonenumber-8.11.1.jar;C:\dev\Builders\Maven\.m2\repository\net\sf\jopt-simple\jopt-simple\5.0.4\jopt-simple-5.0.4.jar;C:\dev\Builders\Maven\.m2\repository\com\github\java-json-tools\json-patch\1.13\json-patch-1.13.jar;C:\dev\Builders\Maven\.m2\repository\com\github\java-json-tools\msg-simple\1.2\msg-simple-1.2.jar;C:\dev\Builders\Maven\.m2\repository\com\github\java-json-tools\btf\1.3\btf-1.3.jar;C:\dev\Builders\Maven\.m2\repository\com\github\java-json-tools\jackson-coreutils\2.0\jackson-coreutils-2.0.jar;C:\dev\Builders\Maven\.m2\repository\org\apache\httpcomponents\httpclient\4.5.14\httpclient-4.5.14.jar;C:\dev\Builders\Maven\.m2\repository\org\apache\httpcomponents\httpcore\4.4.16\httpcore-4.4.16.jar;C:\dev\Builders\Maven\.m2\repository\io\swagger\parser\v3\swagger-parser-core\2.0.32\swagger-parser-core-2.0.32.jar;C:\dev\Builders\Maven\.m2\repository\io\swagger\parser\v3\swagger-parser-v3\2.0.32\swagger-parser-v3-2.0.32.jar;C:\dev\Builders\Maven\.m2\repository\com\sun\xml\bind\jaxb-impl\3.0.2\jaxb-impl-3.0.2.jar;C:\dev\Builders\Maven\.m2\repository\com\sun\xml\bind\jaxb-core\3.0.2\jaxb-core-3.0.2.jar;C:\dev\Builders\Maven\.m2\repository\com\sun\activation\jakarta.activation\1.2.2\jakarta.activation-1.2.2.jar;C:\dev\Builders\Maven\.m2\repository\org\xmlunit\xmlunit-placeholders\2.9.1\xmlunit-placeholders-2.9.1.jar;C:\dev\Builders\Maven\.m2\repository\org\apache\commons\commons-text\1.9\commons-text-1.9.jar;C:\dev\Builders\Maven\.m2\repository\commons-codec\commons-codec\1.15\commons-codec-1.15.jar;C:\dev\Builders\Maven\.m2\repository\io\netty\netty-buffer\4.1.87.Final\netty-buffer-4.1.87.Final.jar;C:\dev\Builders\Maven\.m2\repository\io\netty\netty-codec\4.1.87.Final\netty-codec-4.1.87.Final.jar;C:\dev\Builders\Maven\.m2\repository\io\netty\netty-codec-http\4.1.87.Final\netty-codec-http-4.1.87.Final.jar;C:\dev\Builders\Maven\.m2\repository\io\netty\netty-common\4.1.87.Final\netty-common-4.1.87.Final.jar;C:\dev\Builders\Maven\.m2\repository\io\netty\netty-handler\4.1.87.Final\netty-handler-4.1.87.Final.jar;C:\dev\Builders\Maven\.m2\repository\io\netty\netty-resolver\4.1.87.Final\netty-resolver-4.1.87.Final.jar;C:\dev\Builders\Maven\.m2\repository\io\netty\netty-transport-native-unix-common\4.1.87.Final\netty-transport-native-unix-common-4.1.87.Final.jar;C:\dev\Builders\Maven\.m2\repository\io\netty\netty-transport\4.1.87.Final\netty-transport-4.1.87.Final.jar;C:\dev\Builders\Maven\.m2\repository\io\netty\netty-tcnative-boringssl-static\2.0.56.Final\netty-tcnative-boringssl-static-2.0.56.Final.jar;C:\dev\Builders\Maven\.m2\repository\io\netty\netty-tcnative-classes\2.0.56.Final\netty-tcnative-classes-2.0.56.Final.jar;C:\dev\Builders\Maven\.m2\repository\io\netty\netty-tcnative-boringssl-static\2.0.56.Final\netty-tcnative-boringssl-static-2.0.56.Final-linux-x86_64.jar;C:\dev\Builders\Maven\.m2\repository\io\netty\netty-tcnative-boringssl-static\2.0.56.Final\netty-tcnative-boringssl-static-2.0.56.Final-linux-aarch_64.jar;C:\dev\Builders\Maven\.m2\repository\io\netty\netty-tcnative-boringssl-static\2.0.56.Final\netty-tcnative-boringssl-static-2.0.56.Final-osx-x86_64.jar;C:\dev\Builders\Maven\.m2\repository\io\netty\netty-tcnative-boringssl-static\2.0.56.Final\netty-tcnative-boringssl-static-2.0.56.Final-osx-aarch_64.jar;C:\dev\Builders\Maven\.m2\repository\io\netty\netty-tcnative-boringssl-static\2.0.56.Final\netty-tcnative-boringssl-static-2.0.56.Final-windows-x86_64.jar;C:\dev\Builders\Maven\.m2\repository\commons-io\commons-io\2.11.0\commons-io-2.11.0.jar;C:\dev\Builders\Maven\.m2\repository\com\google\guava\guava\31.1-jre\guava-31.1-jre.jar;C:\dev\Builders\Maven\.m2\repository\com\google\guava\failureaccess\1.0.1\failureaccess-1.0.1.jar;C:\dev\Builders\Maven\.m2\repository\com\google\guava\listenablefuture\9999.0-empty-to-avoid-conflict-with-guava\listenablefuture-9999.0-empty-to-avoid-conflict-with-guava.jar;C:\dev\Builders\Maven\.m2\repository\com\google\code\findbugs\jsr305\3.0.2\jsr305-3.0.2.jar;C:\dev\Builders\Maven\.m2\repository\org\checkerframework\checker-qual\3.12.0\checker-qual-3.12.0.jar;C:\dev\Builders\Maven\.m2\repository\com\google\errorprone\error_prone_annotations\2.11.0\error_prone_annotations-2.11.0.jar;C:\dev\Builders\Maven\.m2\repository\com\google\j2objc\j2objc-annotations\1.3\j2objc-annotations-1.3.jar;C:\dev\Builders\Maven\.m2\repository\org\slf4j\slf4j-api\1.7.36\slf4j-api-1.7.36.jar;C:\dev\Builders\Maven\.m2\repository\org\junit\jupiter\junit-jupiter-engine\5.8.2\junit-jupiter-engine-5.8.2.jar;C:\dev\Builders\Maven\.m2\repository\org\junit\platform\junit-platform-engine\1.8.2\junit-platform-engine-1.8.2.jar;C:\dev\Builders\Maven\.m2\repository\org\apiguardian\apiguardian-api\1.1.2\apiguardian-api-1.1.2.jar;C:\dev\Builders\Maven\.m2\repository\org\springdoc\springdoc-openapi-ui\1.6.12\springdoc-openapi-ui-1.6.12.jar;C:\dev\Builders\Maven\.m2\repository\org\springdoc\springdoc-openapi-webmvc-core\1.6.12\springdoc-openapi-webmvc-core-1.6.12.jar;C:\dev\Builders\Maven\.m2\repository\org\springdoc\springdoc-openapi-common\1.6.12\springdoc-openapi-common-1.6.12.jar;C:\dev\Builders\Maven\.m2\repository\io\swagger\core\v3\swagger-core\2.2.4\swagger-core-2.2.4.jar;C:\dev\Builders\Maven\.m2\repository\com\fasterxml\jackson\dataformat\jackson-dataformat-yaml\2.13.4\jackson-dataformat-yaml-2.13.4.jar;C:\dev\Builders\Maven\.m2\repository\io\swagger\core\v3\swagger-annotations\2.2.4\swagger-annotations-2.2.4.jar;C:\dev\Builders\Maven\.m2\repository\io\swagger\core\v3\swagger-models\2.2.4\swagger-models-2.2.4.jar;C:\dev\Builders\Maven\.m2\repository\jakarta\validation\jakarta.validation-api\2.0.2\jakarta.validation-api-2.0.2.jar;C:\dev\Builders\Maven\.m2\repository\org\webjars\swagger-ui\4.14.3\swagger-ui-4.14.3.jar;C:\dev\Builders\Maven\.m2\repository\org\webjars\webjars-locator-core\0.50\webjars-locator-core-0.50.jar;C:\dev\Builders\Maven\.m2\repository\com\fasterxml\jackson\core\jackson-core\2.13.4\jackson-core-2.13.4.jar;C:\dev\Builders\Maven\.m2\repository\io\github\classgraph\classgraph\4.8.149\classgraph-4.8.149.jar;"/>
    <property name="java.vm.vendor" value="Oracle Corporation"/>
    <property name="sun.arch.data.model" value="64"/>
    <property name="user.variant" value=""/>
    <property name="java.vendor.url" value="http://java.oracle.com/"/>
    <property name="user.timezone" value="Europe/Paris"/>
    <property name="java.vm.specification.version" value="11"/>
    <property name="os.name" value="Windows 10"/>
    <property name="sun.java.launcher" value="SUN_STANDARD"/>
    <property name="user.country" value="GB"/>
    <property name="sun.boot.library.path" value="C:\Program Files\java\jdk-11\bin"/>
    <property name="sun.java.command" value="C:\Users\local_CL938092\Temp\surefire17226332258535968799\surefirebooter11212972408934919574.jar C:\Users\local_CL938092\Temp\surefire17226332258535968799 2023-02-02T15-03-54_300-jvmRun1 surefire14485161922167254281tmp surefire_013008655634372150679tmp"/>
    <property name="jdk.debug" value="release"/>
    <property name="surefire.test.class.path" value="C:\Users\CL93809\Documents\prueba-tecnica\target\test-classes;C:\Users\CL93809\Documents\prueba-tecnica\target\classes;C:\dev\Builders\Maven\.m2\repository\org\springframework\boot\spring-boot-starter-web\2.7.8\spring-boot-starter-web-2.7.8.jar;C:\dev\Builders\Maven\.m2\repository\org\springframework\boot\spring-boot-starter\2.7.8\spring-boot-starter-2.7.8.jar;C:\dev\Builders\Maven\.m2\repository\org\springframework\boot\spring-boot\2.7.8\spring-boot-2.7.8.jar;C:\dev\Builders\Maven\.m2\repository\org\springframework\boot\spring-boot-autoconfigure\2.7.8\spring-boot-autoconfigure-2.7.8.jar;C:\dev\Builders\Maven\.m2\repository\org\springframework\boot\spring-boot-starter-logging\2.7.8\spring-boot-starter-logging-2.7.8.jar;C:\dev\Builders\Maven\.m2\repository\ch\qos\logback\logback-classic\1.2.11\logback-classic-1.2.11.jar;C:\dev\Builders\Maven\.m2\repository\ch\qos\logback\logback-core\1.2.11\logback-core-1.2.11.jar;C:\dev\Builders\Maven\.m2\repository\org\apache\logging\log4j\log4j-to-slf4j\2.17.2\log4j-to-slf4j-2.17.2.jar;C:\dev\Builders\Maven\.m2\repository\org\apache\logging\log4j\log4j-api\2.17.2\log4j-api-2.17.2.jar;C:\dev\Builders\Maven\.m2\repository\org\slf4j\jul-to-slf4j\1.7.36\jul-to-slf4j-1.7.36.jar;C:\dev\Builders\Maven\.m2\repository\jakarta\annotation\jakarta.annotation-api\1.3.5\jakarta.annotation-api-1.3.5.jar;C:\dev\Builders\Maven\.m2\repository\org\yaml\snakeyaml\1.30\snakeyaml-1.30.jar;C:\dev\Builders\Maven\.m2\repository\org\springframework\boot\spring-boot-starter-json\2.7.8\spring-boot-starter-json-2.7.8.jar;C:\dev\Builders\Maven\.m2\repository\com\fasterxml\jackson\core\jackson-databind\2.13.4.2\jackson-databind-2.13.4.2.jar;C:\dev\Builders\Maven\.m2\repository\com\fasterxml\jackson\core\jackson-annotations\2.13.4\jackson-annotations-2.13.4.jar;C:\dev\Builders\Maven\.m2\repository\com\fasterxml\jackson\datatype\jackson-datatype-jdk8\2.13.4\jackson-datatype-jdk8-2.13.4.jar;C:\dev\Builders\Maven\.m2\repository\com\fasterxml\jackson\datatype\jackson-datatype-jsr310\2.13.4\jackson-datatype-jsr310-2.13.4.jar;C:\dev\Builders\Maven\.m2\repository\com\fasterxml\jackson\module\jackson-module-parameter-names\2.13.4\jackson-module-parameter-names-2.13.4.jar;C:\dev\Builders\Maven\.m2\repository\org\springframework\boot\spring-boot-starter-tomcat\2.7.8\spring-boot-starter-tomcat-2.7.8.jar;C:\dev\Builders\Maven\.m2\repository\org\apache\tomcat\embed\tomcat-embed-core\9.0.71\tomcat-embed-core-9.0.71.jar;C:\dev\Builders\Maven\.m2\repository\org\apache\tomcat\embed\tomcat-embed-el\9.0.71\tomcat-embed-el-9.0.71.jar;C:\dev\Builders\Maven\.m2\repository\org\apache\tomcat\embed\tomcat-embed-websocket\9.0.71\tomcat-embed-websocket-9.0.71.jar;C:\dev\Builders\Maven\.m2\repository\org\springframework\spring-web\5.3.25\spring-web-5.3.25.jar;C:\dev\Builders\Maven\.m2\repository\org\springframework\spring-beans\5.3.25\spring-beans-5.3.25.jar;C:\dev\Builders\Maven\.m2\repository\org\springframework\spring-webmvc\5.3.25\spring-webmvc-5.3.25.jar;C:\dev\Builders\Maven\.m2\repository\org\springframework\spring-aop\5.3.25\spring-aop-5.3.25.jar;C:\dev\Builders\Maven\.m2\repository\org\springframework\spring-context\5.3.25\spring-context-5.3.25.jar;C:\dev\Builders\Maven\.m2\repository\org\springframework\spring-expression\5.3.25\spring-expression-5.3.25.jar;C:\dev\Builders\Maven\.m2\repository\org\springframework\boot\spring-boot-starter-test\2.6.6\spring-boot-starter-test-2.6.6.jar;C:\dev\Builders\Maven\.m2\repository\org\springframework\boot\spring-boot-test\2.7.8\spring-boot-test-2.7.8.jar;C:\dev\Builders\Maven\.m2\repository\org\springframework\boot\spring-boot-test-autoconfigure\2.7.8\spring-boot-test-autoconfigure-2.7.8.jar;C:\dev\Builders\Maven\.m2\repository\com\jayway\jsonpath\json-path\2.7.0\json-path-2.7.0.jar;C:\dev\Builders\Maven\.m2\repository\net\minidev\json-smart\2.4.8\json-smart-2.4.8.jar;C:\dev\Builders\Maven\.m2\repository\net\minidev\accessors-smart\2.4.8\accessors-smart-2.4.8.jar;C:\dev\Builders\Maven\.m2\repository\org\ow2\asm\asm\9.1\asm-9.1.jar;C:\dev\Builders\Maven\.m2\repository\jakarta\xml\bind\jakarta.xml.bind-api\2.3.3\jakarta.xml.bind-api-2.3.3.jar;C:\dev\Builders\Maven\.m2\repository\jakarta\activation\jakarta.activation-api\1.2.2\jakarta.activation-api-1.2.2.jar;C:\dev\Builders\Maven\.m2\repository\org\assertj\assertj-core\3.22.0\assertj-core-3.22.0.jar;C:\dev\Builders\Maven\.m2\repository\org\hamcrest\hamcrest\2.2\hamcrest-2.2.jar;C:\dev\Builders\Maven\.m2\repository\org\junit\jupiter\junit-jupiter\5.8.2\junit-jupiter-5.8.2.jar;C:\dev\Builders\Maven\.m2\repository\org\junit\jupiter\junit-jupiter-api\5.8.2\junit-jupiter-api-5.8.2.jar;C:\dev\Builders\Maven\.m2\repository\org\opentest4j\opentest4j\1.2.0\opentest4j-1.2.0.jar;C:\dev\Builders\Maven\.m2\repository\org\junit\platform\junit-platform-commons\1.8.2\junit-platform-commons-1.8.2.jar;C:\dev\Builders\Maven\.m2\repository\org\junit\jupiter\junit-jupiter-params\5.8.2\junit-jupiter-params-5.8.2.jar;C:\dev\Builders\Maven\.m2\repository\org\mockito\mockito-core\4.5.1\mockito-core-4.5.1.jar;C:\dev\Builders\Maven\.m2\repository\net\bytebuddy\byte-buddy\1.12.22\byte-buddy-1.12.22.jar;C:\dev\Builders\Maven\.m2\repository\net\bytebuddy\byte-buddy-agent\1.12.22\byte-buddy-agent-1.12.22.jar;C:\dev\Builders\Maven\.m2\repository\org\objenesis\objenesis\3.2\objenesis-3.2.jar;C:\dev\Builders\Maven\.m2\repository\org\mockito\mockito-junit-jupiter\4.5.1\mockito-junit-jupiter-4.5.1.jar;C:\dev\Builders\Maven\.m2\repository\org\skyscreamer\jsonassert\1.5.1\jsonassert-1.5.1.jar;C:\dev\Builders\Maven\.m2\repository\com\vaadin\external\google\android-json\0.0.20131108.vaadin1\android-json-0.0.20131108.vaadin1.jar;C:\dev\Builders\Maven\.m2\repository\org\springframework\spring-core\5.3.25\spring-core-5.3.25.jar;C:\dev\Builders\Maven\.m2\repository\org\springframework\spring-jcl\5.3.25\spring-jcl-5.3.25.jar;C:\dev\Builders\Maven\.m2\repository\org\springframework\spring-test\5.3.25\spring-test-5.3.25.jar;C:\dev\Builders\Maven\.m2\repository\org\xmlunit\xmlunit-core\2.9.1\xmlunit-core-2.9.1.jar;C:\dev\Builders\Maven\.m2\repository\com\example\tracer\1.0.0\tracer-1.0.0.jar;C:\dev\Builders\Maven\.m2\repository\org\projectlombok\lombok\1.18.24\lombok-1.18.24.jar;C:\dev\Builders\Maven\.m2\repository\org\mock-server\mockserver-junit-jupiter\5.13.2\mockserver-junit-jupiter-5.13.2.jar;C:\dev\Builders\Maven\.m2\repository\org\mock-server\mockserver-netty\5.13.2\mockserver-netty-5.13.2.jar;C:\dev\Builders\Maven\.m2\repository\org\mock-server\mockserver-client-java\5.13.2\mockserver-client-java-5.13.2.jar;C:\dev\Builders\Maven\.m2\repository\org\apache\commons\commons-lang3\3.12.0\commons-lang3-3.12.0.jar;C:\dev\Builders\Maven\.m2\repository\org\mock-server\mockserver-core\5.13.2\mockserver-core-5.13.2.jar;C:\dev\Builders\Maven\.m2\repository\com\lmax\disruptor\3.4.4\disruptor-3.4.4.jar;C:\dev\Builders\Maven\.m2\repository\javax\servlet\javax.servlet-api\4.0.1\javax.servlet-api-4.0.1.jar;C:\dev\Builders\Maven\.m2\repository\io\netty\netty-codec-socks\4.1.87.Final\netty-codec-socks-4.1.87.Final.jar;C:\dev\Builders\Maven\.m2\repository\io\netty\netty-handler-proxy\4.1.87.Final\netty-handler-proxy-4.1.87.Final.jar;C:\dev\Builders\Maven\.m2\repository\com\jcraft\jzlib\1.1.3\jzlib-1.1.3.jar;C:\dev\Builders\Maven\.m2\repository\com\fasterxml\uuid\java-uuid-generator\4.0.1\java-uuid-generator-4.0.1.jar;C:\dev\Builders\Maven\.m2\repository\org\bouncycastle\bcprov-jdk15on\1.70\bcprov-jdk15on-1.70.jar;C:\dev\Builders\Maven\.m2\repository\org\bouncycastle\bcpkix-jdk15on\1.70\bcpkix-jdk15on-1.70.jar;C:\dev\Builders\Maven\.m2\repository\org\bouncycastle\bcutil-jdk15on\1.70\bcutil-jdk15on-1.70.jar;C:\dev\Builders\Maven\.m2\repository\com\nimbusds\nimbus-jose-jwt\9.21\nimbus-jose-jwt-9.21.jar;C:\dev\Builders\Maven\.m2\repository\com\github\stephenc\jcip\jcip-annotations\1.0-1\jcip-annotations-1.0-1.jar;C:\dev\Builders\Maven\.m2\repository\org\apache\velocity\velocity-engine-scripting\2.3\velocity-engine-scripting-2.3.jar;C:\dev\Builders\Maven\.m2\repository\org\apache\velocity\velocity-engine-core\2.3\velocity-engine-core-2.3.jar;C:\dev\Builders\Maven\.m2\repository\org\apache\velocity\tools\velocity-tools-generic\3.1\velocity-tools-generic-3.1.jar;C:\dev\Builders\Maven\.m2\repository\commons-beanutils\commons-beanutils\1.9.4\commons-beanutils-1.9.4.jar;C:\dev\Builders\Maven\.m2\repository\commons-logging\commons-logging\1.2\commons-logging-1.2.jar;C:\dev\Builders\Maven\.m2\repository\commons-collections\commons-collections\3.2.2\commons-collections-3.2.2.jar;C:\dev\Builders\Maven\.m2\repository\org\apache\commons\commons-digester3\3.2\commons-digester3-3.2.jar;C:\dev\Builders\Maven\.m2\repository\com\github\cliftonlabs\json-simple\3.0.2\json-simple-3.0.2.jar;C:\dev\Builders\Maven\.m2\repository\com\samskivert\jmustache\1.15\jmustache-1.15.jar;C:\dev\Builders\Maven\.m2\repository\net\javacrumbs\json-unit\json-unit-core\2.33.0\json-unit-core-2.33.0.jar;C:\dev\Builders\Maven\.m2\repository\org\hamcrest\hamcrest-core\2.2\hamcrest-core-2.2.jar;C:\dev\Builders\Maven\.m2\repository\com\networknt\json-schema-validator\1.0.68\json-schema-validator-1.0.68.jar;C:\dev\Builders\Maven\.m2\repository\com\ethlo\time\itu\1.5.1\itu-1.5.1.jar;C:\dev\Builders\Maven\.m2\repository\io\swagger\parser\v3\swagger-parser\2.0.32\swagger-parser-2.0.32.jar;C:\dev\Builders\Maven\.m2\repository\io\swagger\parser\v3\swagger-parser-v2-converter\2.0.32\swagger-parser-v2-converter-2.0.32.jar;C:\dev\Builders\Maven\.m2\repository\io\swagger\swagger-core\1.6.6\swagger-core-1.6.6.jar;C:\dev\Builders\Maven\.m2\repository\io\swagger\swagger-models\1.6.6\swagger-models-1.6.6.jar;C:\dev\Builders\Maven\.m2\repository\io\swagger\swagger-annotations\1.6.6\swagger-annotations-1.6.6.jar;C:\dev\Builders\Maven\.m2\repository\io\swagger\swagger-parser\1.0.59\swagger-parser-1.0.59.jar;C:\dev\Builders\Maven\.m2\repository\io\swagger\swagger-compat-spec-parser\1.0.59\swagger-compat-spec-parser-1.0.59.jar;C:\dev\Builders\Maven\.m2\repository\com\github\java-json-tools\json-schema-validator\2.2.14\json-schema-validator-2.2.14.jar;C:\dev\Builders\Maven\.m2\repository\com\github\java-json-tools\jackson-coreutils-equivalence\1.0\jackson-coreutils-equivalence-1.0.jar;C:\dev\Builders\Maven\.m2\repository\com\github\java-json-tools\json-schema-core\1.2.14\json-schema-core-1.2.14.jar;C:\dev\Builders\Maven\.m2\repository\com\github\java-json-tools\uri-template\0.10\uri-template-0.10.jar;C:\dev\Builders\Maven\.m2\repository\org\mozilla\rhino\1.7.7.2\rhino-1.7.7.2.jar;C:\dev\Builders\Maven\.m2\repository\com\sun\mail\mailapi\1.6.2\mailapi-1.6.2.jar;C:\dev\Builders\Maven\.m2\repository\joda-time\joda-time\2.10.5\joda-time-2.10.5.jar;C:\dev\Builders\Maven\.m2\repository\com\googlecode\libphonenumber\libphonenumber\8.11.1\libphonenumber-8.11.1.jar;C:\dev\Builders\Maven\.m2\repository\net\sf\jopt-simple\jopt-simple\5.0.4\jopt-simple-5.0.4.jar;C:\dev\Builders\Maven\.m2\repository\com\github\java-json-tools\json-patch\1.13\json-patch-1.13.jar;C:\dev\Builders\Maven\.m2\repository\com\github\java-json-tools\msg-simple\1.2\msg-simple-1.2.jar;C:\dev\Builders\Maven\.m2\repository\com\github\java-json-tools\btf\1.3\btf-1.3.jar;C:\dev\Builders\Maven\.m2\repository\com\github\java-json-tools\jackson-coreutils\2.0\jackson-coreutils-2.0.jar;C:\dev\Builders\Maven\.m2\repository\org\apache\httpcomponents\httpclient\4.5.14\httpclient-4.5.14.jar;C:\dev\Builders\Maven\.m2\repository\org\apache\httpcomponents\httpcore\4.4.16\httpcore-4.4.16.jar;C:\dev\Builders\Maven\.m2\repository\io\swagger\parser\v3\swagger-parser-core\2.0.32\swagger-parser-core-2.0.32.jar;C:\dev\Builders\Maven\.m2\repository\io\swagger\parser\v3\swagger-parser-v3\2.0.32\swagger-parser-v3-2.0.32.jar;C:\dev\Builders\Maven\.m2\repository\com\sun\xml\bind\jaxb-impl\3.0.2\jaxb-impl-3.0.2.jar;C:\dev\Builders\Maven\.m2\repository\com\sun\xml\bind\jaxb-core\3.0.2\jaxb-core-3.0.2.jar;C:\dev\Builders\Maven\.m2\repository\com\sun\activation\jakarta.activation\1.2.2\jakarta.activation-1.2.2.jar;C:\dev\Builders\Maven\.m2\repository\org\xmlunit\xmlunit-placeholders\2.9.1\xmlunit-placeholders-2.9.1.jar;C:\dev\Builders\Maven\.m2\repository\org\apache\commons\commons-text\1.9\commons-text-1.9.jar;C:\dev\Builders\Maven\.m2\repository\commons-codec\commons-codec\1.15\commons-codec-1.15.jar;C:\dev\Builders\Maven\.m2\repository\io\netty\netty-buffer\4.1.87.Final\netty-buffer-4.1.87.Final.jar;C:\dev\Builders\Maven\.m2\repository\io\netty\netty-codec\4.1.87.Final\netty-codec-4.1.87.Final.jar;C:\dev\Builders\Maven\.m2\repository\io\netty\netty-codec-http\4.1.87.Final\netty-codec-http-4.1.87.Final.jar;C:\dev\Builders\Maven\.m2\repository\io\netty\netty-common\4.1.87.Final\netty-common-4.1.87.Final.jar;C:\dev\Builders\Maven\.m2\repository\io\netty\netty-handler\4.1.87.Final\netty-handler-4.1.87.Final.jar;C:\dev\Builders\Maven\.m2\repository\io\netty\netty-resolver\4.1.87.Final\netty-resolver-4.1.87.Final.jar;C:\dev\Builders\Maven\.m2\repository\io\netty\netty-transport-native-unix-common\4.1.87.Final\netty-transport-native-unix-common-4.1.87.Final.jar;C:\dev\Builders\Maven\.m2\repository\io\netty\netty-transport\4.1.87.Final\netty-transport-4.1.87.Final.jar;C:\dev\Builders\Maven\.m2\repository\io\netty\netty-tcnative-boringssl-static\2.0.56.Final\netty-tcnative-boringssl-static-2.0.56.Final.jar;C:\dev\Builders\Maven\.m2\repository\io\netty\netty-tcnative-classes\2.0.56.Final\netty-tcnative-classes-2.0.56.Final.jar;C:\dev\Builders\Maven\.m2\repository\io\netty\netty-tcnative-boringssl-static\2.0.56.Final\netty-tcnative-boringssl-static-2.0.56.Final-linux-x86_64.jar;C:\dev\Builders\Maven\.m2\repository\io\netty\netty-tcnative-boringssl-static\2.0.56.Final\netty-tcnative-boringssl-static-2.0.56.Final-linux-aarch_64.jar;C:\dev\Builders\Maven\.m2\repository\io\netty\netty-tcnative-boringssl-static\2.0.56.Final\netty-tcnative-boringssl-static-2.0.56.Final-osx-x86_64.jar;C:\dev\Builders\Maven\.m2\repository\io\netty\netty-tcnative-boringssl-static\2.0.56.Final\netty-tcnative-boringssl-static-2.0.56.Final-osx-aarch_64.jar;C:\dev\Builders\Maven\.m2\repository\io\netty\netty-tcnative-boringssl-static\2.0.56.Final\netty-tcnative-boringssl-static-2.0.56.Final-windows-x86_64.jar;C:\dev\Builders\Maven\.m2\repository\commons-io\commons-io\2.11.0\commons-io-2.11.0.jar;C:\dev\Builders\Maven\.m2\repository\com\google\guava\guava\31.1-jre\guava-31.1-jre.jar;C:\dev\Builders\Maven\.m2\repository\com\google\guava\failureaccess\1.0.1\failureaccess-1.0.1.jar;C:\dev\Builders\Maven\.m2\repository\com\google\guava\listenablefuture\9999.0-empty-to-avoid-conflict-with-guava\listenablefuture-9999.0-empty-to-avoid-conflict-with-guava.jar;C:\dev\Builders\Maven\.m2\repository\com\google\code\findbugs\jsr305\3.0.2\jsr305-3.0.2.jar;C:\dev\Builders\Maven\.m2\repository\org\checkerframework\checker-qual\3.12.0\checker-qual-3.12.0.jar;C:\dev\Builders\Maven\.m2\repository\com\google\errorprone\error_prone_annotations\2.11.0\error_prone_annotations-2.11.0.jar;C:\dev\Builders\Maven\.m2\repository\com\google\j2objc\j2objc-annotations\1.3\j2objc-annotations-1.3.jar;C:\dev\Builders\Maven\.m2\repository\org\slf4j\slf4j-api\1.7.36\slf4j-api-1.7.36.jar;C:\dev\Builders\Maven\.m2\repository\org\junit\jupiter\junit-jupiter-engine\5.8.2\junit-jupiter-engine-5.8.2.jar;C:\dev\Builders\Maven\.m2\repository\org\junit\platform\junit-platform-engine\1.8.2\junit-platform-engine-1.8.2.jar;C:\dev\Builders\Maven\.m2\repository\org\apiguardian\apiguardian-api\1.1.2\apiguardian-api-1.1.2.jar;C:\dev\Builders\Maven\.m2\repository\org\springdoc\springdoc-openapi-ui\1.6.12\springdoc-openapi-ui-1.6.12.jar;C:\dev\Builders\Maven\.m2\repository\org\springdoc\springdoc-openapi-webmvc-core\1.6.12\springdoc-openapi-webmvc-core-1.6.12.jar;C:\dev\Builders\Maven\.m2\repository\org\springdoc\springdoc-openapi-common\1.6.12\springdoc-openapi-common-1.6.12.jar;C:\dev\Builders\Maven\.m2\repository\io\swagger\core\v3\swagger-core\2.2.4\swagger-core-2.2.4.jar;C:\dev\Builders\Maven\.m2\repository\com\fasterxml\jackson\dataformat\jackson-dataformat-yaml\2.13.4\jackson-dataformat-yaml-2.13.4.jar;C:\dev\Builders\Maven\.m2\repository\io\swagger\core\v3\swagger-annotations\2.2.4\swagger-annotations-2.2.4.jar;C:\dev\Builders\Maven\.m2\repository\io\swagger\core\v3\swagger-models\2.2.4\swagger-models-2.2.4.jar;C:\dev\Builders\Maven\.m2\repository\jakarta\validation\jakarta.validation-api\2.0.2\jakarta.validation-api-2.0.2.jar;C:\dev\Builders\Maven\.m2\repository\org\webjars\swagger-ui\4.14.3\swagger-ui-4.14.3.jar;C:\dev\Builders\Maven\.m2\repository\org\webjars\webjars-locator-core\0.50\webjars-locator-core-0.50.jar;C:\dev\Builders\Maven\.m2\repository\com\fasterxml\jackson\core\jackson-core\2.13.4\jackson-core-2.13.4.jar;C:\dev\Builders\Maven\.m2\repository\io\github\classgraph\classgraph\4.8.149\classgraph-4.8.149.jar;"/>
    <property name="sun.cpu.endian" value="little"/>
    <property name="user.home" value="C:\Users\CL93809"/>
    <property name="user.language" value="en"/>
    <property name="java.specification.vendor" value="Oracle Corporation"/>
    <property name="java.version.date" value="2018-09-25"/>
    <property name="java.home" value="C:\Program Files\java\jdk-11"/>
    <property name="file.separator" value="\"/>
    <property name="basedir" value="C:\Users\CL93809\Documents\prueba-tecnica"/>
    <property name="java.vm.compressedOopsMode" value="Zero based"/>
    <property name="line.separator" value="&#10;"/>
    <property name="java.specification.name" value="Java Platform API Specification"/>
    <property name="java.vm.specification.vendor" value="Oracle Corporation"/>
    <property name="java.awt.graphicsenv" value="sun.awt.Win32GraphicsEnvironment"/>
    <property name="surefire.real.class.path" value="C:\Users\local_CL938092\Temp\surefire17226332258535968799\surefirebooter11212972408934919574.jar"/>
    <property name="user.script" value=""/>
    <property name="sun.management.compiler" value="HotSpot 64-Bit Tiered Compilers"/>
    <property name="java.runtime.version" value="11+28"/>
    <property name="user.name" value="CL93809"/>
    <property name="path.separator" value=";"/>
    <property name="os.version" value="10.0"/>
    <property name="java.runtime.name" value="OpenJDK Runtime Environment"/>
    <property name="file.encoding" value="Cp1252"/>
    <property name="java.vm.name" value="OpenJDK 64-Bit Server VM"/>
    <property name="java.vendor.version" value="18.9"/>
    <property name="localRepository" value="C:\dev\Builders\Maven\.m2\repository"/>
    <property name="java.vendor.url.bug" value="http://bugreport.java.com/bugreport/"/>
    <property name="java.io.tmpdir" value="C:\Users\local_CL938092\Temp\"/>
    <property name="java.version" value="11"/>
    <property name="user.dir" value="C:\Users\CL93809\Documents\prueba-tecnica"/>
    <property name="os.arch" value="amd64"/>
    <property name="java.vm.specification.name" value="Java Virtual Machine Specification"/>
    <property name="java.awt.printerjob" value="sun.awt.windows.WPrinterJob"/>
    <property name="sun.os.patch.level" value=""/>
    <property name="java.library.path" value="C:\Program Files\java\jdk-11\bin;C:\windows\Sun\Java\bin;C:\windows\system32;C:\windows;C:\windows\system32;C:\windows;C:\windows\System32\Wbem;C:\windows\System32\WindowsPowerShell\v1.0\;C:\windows\System32\OpenSSH\;C:\Program Files (x86)\Citrix\HDX\bin\;C:\Program Files\Citrix\HDX\bin\;C:\Program Files\java\jdk-11\bin;C:\Program Files\Docker\Docker\resources\bin;C:\ProgramData\DockerDesktop\version-bin;C:\Program Files\Zulu\zulu-11\bin\;C:\Program Files\nodejs\;C:\Program Files\Microsoft SQL Server\130\Tools\Binn\;C:\Program Files\Microsoft SQL Server\Client SDK\ODBC\170\Tools\Binn\;C:\windows\system32;C:\windows;C:\windows\System32\Wbem;C:\windows\System32\WindowsPowerShell\v1.0\;C:\windows\System32\OpenSSH\;C:\Program Files (x86)\Citrix\HDX\bin\;C:\Program Files\Citrix\HDX\bin\;C:\Program Files\java\jdk-11\bin;C:\Program Files\Docker\Docker\resources\bin;C:\ProgramData\DockerDesktop\version-bin;C:\Program Files\java\jre1.8.0_212\bin;C:\Program Files\java\jdk-11\bin;C:\Users\CL93809\AppData\Local\Microsoft\WindowsApps;C:\Users\CL93809\Documents\apache-maven-3.6.3\bin;C:\Users\CL93809\kubectl.exe;C:\Users\CL93809\scoop\shims;C:\Users\CL93809\AppData\Local\Programs\Git\cmd;C:\Users\CL93809\AppData\Local\GitHubDesktop\bin;C:\Users\CL93809\AppData\Roaming\npm;."/>
    <property name="java.vendor" value="Oracle Corporation"/>
    <property name="java.vm.info" value="mixed mode"/>
    <property name="java.vm.version" value="11+28"/>
    <property name="sun.io.unicode.encoding" value="UnicodeLittle"/>
    <property name="java.class.version" value="55.0"/>
  </properties>
  <testcase name="calculo" classname="com.example.prueba.controller.CalculadoraControllerTest" time="0.819"/>
</testsuite>